<?xml version="1.0" encoding="UTF-8"?>
<testng-results ignored="0" total="1" passed="1" failed="0" skipped="0">
  <reporter-output>
    <line>
      <![CDATA[valid title OpenEMR Login]]>
    </line>
  </reporter-output>
  <suite started-at="2022-04-20T22:25:19 IST" name="Default suite" finished-at="2022-04-20T22:25:35 IST" duration-ms="15148">
    <groups>
    </groups>
    <test started-at="2022-04-20T22:25:19 IST" name="Default test" finished-at="2022-04-20T22:25:35 IST" duration-ms="15148">
      <class name="com.harman.test.LoginUITest">
        <test-method is-config="true" signature="setup(java.lang.String)[pri:0, instance:com.harman.test.LoginUITest@7d4f9aae]" started-at="2022-04-20T22:25:20 IST" name="setup" finished-at="2022-04-20T22:25:33 IST" duration-ms="13586" status="PASS">
          <params>
            <param index="0">
              <value>
                <![CDATA[ch]]>
              </value>
            </param>
          </params>
          <reporter-output>
          </reporter-output>
        </test-method> <!-- setup -->
        <test-method signature="validateTitleTest()[pri:0, instance:com.harman.test.LoginUITest@7d4f9aae]" started-at="2022-04-20T22:25:33 IST" name="validateTitleTest" finished-at="2022-04-20T22:25:33 IST" duration-ms="18" status="PASS">
          <reporter-output>
            <line>
              <![CDATA[valid title OpenEMR Login]]>
            </line>
          </reporter-output>
        </test-method> <!-- validateTitleTest -->
        <test-method is-config="true" signature="teardown()[pri:0, instance:com.harman.test.LoginUITest@7d4f9aae]" started-at="2022-04-20T22:25:33 IST" name="teardown" finished-at="2022-04-20T22:25:35 IST" duration-ms="1457" status="PASS">
          <reporter-output>
          </reporter-output>
        </test-method> <!-- teardown -->
      </class> <!-- com.harman.test.LoginUITest -->
    </test> <!-- Default test -->
  </suite> <!-- Default suite -->
</testng-results>
