<?xml version="1.0" encoding="UTF-8"?>
<!-- Generated by org.testng.reporters.JUnitXMLReporter -->
<testsuite ignored="0" hostname="LAPTOP-24QJFU3M" failures="0" tests="4" name="OpenEMR Test - EDGE" time="85.297" errors="0" timestamp="2022-04-20T22:24:36 IST">
  <testcase classname="com.harman.test.LoginUITest" name="validateTitleTest" time="0.032"/>
  <testcase classname="com.harman.test.LoginTest" name="invalidCredentialTest" time="3.938"/>
  <testcase classname="com.harman.test.LoginTest" name="validCredentialTest" time="8.525"/>
  <testcase classname="com.harman.test.LoginTest" name="validCredentialTest" time="5.559"/>
</testsuite> <!-- OpenEMR Test - EDGE -->
