<?xml version="1.0" encoding="UTF-8"?>
<!-- Generated by org.testng.reporters.JUnitXMLReporter -->
<testsuite ignored="0" hostname="LAPTOP-24QJFU3M" failures="0" tests="4" name="OpenEMR Test -CHROME" time="80.977" errors="0" timestamp="2022-04-20T22:24:31 IST">
  <testcase classname="com.harman.test.LoginUITest" name="validateTitleTest" time="0.022"/>
  <testcase classname="com.harman.test.LoginTest" name="invalidCredentialTest" time="3.897"/>
  <testcase classname="com.harman.test.LoginTest" name="validCredentialTest" time="6.814"/>
  <testcase classname="com.harman.test.LoginTest" name="validCredentialTest" time="8.133"/>
</testsuite> <!-- OpenEMR Test -CHROME -->
